<?xml version="1.0" encoding="UTF-8"?>
<testsuite xmlns:xsi="http://www.w3.org/2001/XMLSchema-instance" xsi:noNamespaceSchemaLocation="https://maven.apache.org/surefire/maven-surefire-plugin/xsd/surefire-test-report.xsd" name="com.ot.AppTest" time="0.039" tests="1" errors="0" skipped="0" failures="0">
  <properties>
    <property name="sun.desktop" value="windows"/>
    <property name="awt.toolkit" value="sun.awt.windows.WToolkit"/>
    <property name="java.specification.version" value="11"/>
    <property name="sun.cpu.isalist" value="amd64"/>
    <property name="sun.jnu.encoding" value="Cp1252"/>
    <property name="java.class.path" value="C:\Sameer\Sameer\ot2\SearchService\p2\queryfiles\ConvertTo\csvconvertor\target\test-classes;C:\Sameer\Sameer\ot2\SearchService\p2\queryfiles\ConvertTo\csvconvertor\target\classes;C:\Users\mohammak\.m2\repository\junit\junit\4.11\junit-4.11.jar;C:\Users\mohammak\.m2\repository\org\hamcrest\hamcrest-core\1.3\hamcrest-core-1.3.jar;C:\Users\mohammak\.m2\repository\org\json\json\20180130\json-20180130.jar;"/>
    <property name="java.vm.vendor" value="Oracle Corporation"/>
    <property name="sun.arch.data.model" value="64"/>
    <property name="user.variant" value=""/>
    <property name="java.vendor.url" value="http://java.oracle.com/"/>
    <property name="user.timezone" value="Asia/Calcutta"/>
    <property name="java.vm.specification.version" value="11"/>
    <property name="os.name" value="Windows 10"/>
    <property name="sun.java.launcher" value="SUN_STANDARD"/>
    <property name="user.country" value="US"/>
    <property name="sun.boot.library.path" value="C:\Program Files\Java\jdk-11.0.4\bin"/>
    <property name="sun.java.command" value="C:\Users\mohammak\AppData\Local\Temp\surefire6099516157283064520\surefirebooter4799814917197279166.jar C:\Users\mohammak\AppData\Local\Temp\surefire6099516157283064520 2020-04-27T09-31-23_108-jvmRun1 surefire10776701261276364044tmp surefire_011713896799132997555tmp"/>
    <property name="jdk.debug" value="release"/>
    <property name="surefire.test.class.path" value="C:\Sameer\Sameer\ot2\SearchService\p2\queryfiles\ConvertTo\csvconvertor\target\test-classes;C:\Sameer\Sameer\ot2\SearchService\p2\queryfiles\ConvertTo\csvconvertor\target\classes;C:\Users\mohammak\.m2\repository\junit\junit\4.11\junit-4.11.jar;C:\Users\mohammak\.m2\repository\org\hamcrest\hamcrest-core\1.3\hamcrest-core-1.3.jar;C:\Users\mohammak\.m2\repository\org\json\json\20180130\json-20180130.jar;"/>
    <property name="sun.cpu.endian" value="little"/>
    <property name="user.home" value="C:\Users\mohammak"/>
    <property name="user.language" value="en"/>
    <property name="java.specification.vendor" value="Oracle Corporation"/>
    <property name="java.version.date" value="2019-07-16"/>
    <property name="java.home" value="C:\Program Files\Java\jdk-11.0.4"/>
    <property name="file.separator" value="\"/>
    <property name="basedir" value="C:\Sameer\Sameer\ot2\SearchService\p2\queryfiles\ConvertTo\csvconvertor"/>
    <property name="java.vm.compressedOopsMode" value="Zero based"/>
    <property name="line.separator" value="&#10;"/>
    <property name="java.specification.name" value="Java Platform API Specification"/>
    <property name="java.vm.specification.vendor" value="Oracle Corporation"/>
    <property name="java.awt.graphicsenv" value="sun.awt.Win32GraphicsEnvironment"/>
    <property name="surefire.real.class.path" value="C:\Users\mohammak\AppData\Local\Temp\surefire6099516157283064520\surefirebooter4799814917197279166.jar"/>
    <property name="user.script" value=""/>
    <property name="sun.management.compiler" value="HotSpot 64-Bit Tiered Compilers"/>
    <property name="java.runtime.version" value="11.0.4+10-LTS"/>
    <property name="user.name" value="mohammak"/>
    <property name="path.separator" value=";"/>
    <property name="os.version" value="10.0"/>
    <property name="java.runtime.name" value="Java(TM) SE Runtime Environment"/>
    <property name="file.encoding" value="Cp1252"/>
    <property name="java.vm.name" value="Java HotSpot(TM) 64-Bit Server VM"/>
    <property name="java.vendor.version" value="18.9"/>
    <property name="localRepository" value="C:\Users\mohammak\.m2\repository"/>
    <property name="java.vendor.url.bug" value="http://bugreport.java.com/bugreport/"/>
    <property name="java.io.tmpdir" value="C:\Users\mohammak\AppData\Local\Temp\"/>
    <property name="java.version" value="11.0.4"/>
    <property name="user.dir" value="C:\Sameer\Sameer\ot2\SearchService\p2\queryfiles\ConvertTo\csvconvertor"/>
    <property name="os.arch" value="amd64"/>
    <property name="java.vm.specification.name" value="Java Virtual Machine Specification"/>
    <property name="java.awt.printerjob" value="sun.awt.windows.WPrinterJob"/>
    <property name="sun.os.patch.level" value=""/>
    <property name="java.library.path" value="C:\Program Files\Java\jdk-11.0.4\bin;C:\WINDOWS\Sun\Java\bin;C:\WINDOWS\system32;C:\WINDOWS;C:\Program Files (x86)\Python38-32\Scripts\;C:\Program Files (x86)\Python38-32\;C:\Maven\apache-maven-3.6.2\bin\;C:\Program Files\Java\jdk-11.0.4\jre\bin\server\jvm.dll;C:\Program Files\Java\jdk-11.0.4\bin;C:\Program Files\Java\jdk-11.0.4\lib;C:\WINDOWS\system32;C:\WINDOWS;C:\WINDOWS\System32\Wbem;C:\WINDOWS\System32\WindowsPowerShell\v1.0\;C:\WINDOWS\System32\OpenSSH\;C:\WINDOWS\CCM;C:\WINDOWS\CCM;C:\Program Files (x86)\Symantec\VIP Access Client\;C:\Program Files\PuTTY\;C:\Users\mohammak\Downloads\Softwares\chromedriver_win32;C:\TDM-GCC-64\bin;C:\Program Files\Perforce\;C:\Program Files\TortoiseSVN\bin;C:\Program Files (x86)\Apache Software Foundation\Tomcat 9.0\lib;C:\Program Files (x86)\Apache Software Foundation\Tomcat 9.0\lib\servlet-api.jar;%CATCALINE_HOME%\bin;%CATCALINE_HOME%\lib;C:\Program Files\Git\cmd;C:\Users\mohammak\Documents\SeleniumProject\selenium.jar;C:\Users\mohammak\AppData\Roaming\Cloud Foundry;C:\Program Files (x86)\Apache Software Foundation\apache-tomee-plume-8.0.0\bin\;C:\Program Files\Java\jdk-11.0.4\jre;C:\glassfish4\bin;C:\Program Files\Java\jdk-11.0.4\jre\lib;C:\Program Files\MySQL\MySQL Server 8.0\bin;C:\Zookeeper\apache-zookeeper-3.5.6-bin\bin;C:\Program Files\Vim\vim81;C:\Users\mohammak\Downloads\Softwares\apache-jmeter-5.1.1\apache-jmeter-5.1.1\bin;C:\Program Files\Cloud Foundry;C:\Users\mohammak\Downloads\Softwares;C:\Users\mohammak\Downloads\Softwares\selenium-server-standalone-3.141.59.jar;C:\Program Files\nodejs\;C:\Program Files\Docker\Docker\resources\bin;C:\ProgramData\DockerDesktop\version-bin;C:\Program Files\MySQL\MySQL Shell 8.0\bin\;C:\Users\mohammak\AppData\Local\Microsoft\WindowsApps;C:\Users\mohammak\AppData\Local\Programs\Fiddler;C:\Program Files\JetBrains\IntelliJ IDEA Community Edition 2019.1.3\bin;C:\Users\mohammak\AppData\Local\Programs\Microsoft VS Code\bin;C:\Users\mohammak\AppData\Local\atom\bin;C:\Program Files\JetBrains\WebStorm 2019.2.3\bin;;C:\Program Files\JetBrains\PyCharm Community Edition 2019.3\bin;;C:\Program Files\JetBrains\IntelliJ IDEA Community Edition 2019.1.3\bin;;C:\Users\mohammak\AppData\Roaming\npm;C:\Users\mohammak\Downloads\spring-boot-cli-2.2.6.RELEASE-bin\spring-2.2.6.RELEASE\bin;;."/>
    <property name="java.vendor" value="Oracle Corporation"/>
    <property name="java.vm.info" value="mixed mode"/>
    <property name="java.vm.version" value="11.0.4+10-LTS"/>
    <property name="sun.io.unicode.encoding" value="UnicodeLittle"/>
    <property name="java.class.version" value="55.0"/>
  </properties>
  <testcase name="shouldAnswerWithTrue" classname="com.ot.AppTest" time="0.001"/>
</testsuite>